2019-10-08T09:42:02.725Z - normal: Load ~/.CocosCreator/settings.json
2019-10-08T09:42:03.991Z - normal: Initializing Asset Database
2019-10-08T09:42:03.995Z - normal: checking language setting...
2019-10-08T09:42:03.996Z - normal: Language: zh
2019-10-08T09:42:04.833Z - success: preview server running at http://localhost:7456
2019-10-08T09:42:04.835Z - success: protocol editor-framework registered
2019-10-08T09:42:04.835Z - success: protocol app registered
2019-10-08T09:42:04.835Z - success: protocol theme registered
2019-10-08T09:42:04.835Z - success: protocol packages registered
2019-10-08T09:42:04.836Z - success: protocol uuid registerred
2019-10-08T09:42:04.836Z - success: protocol db registerred
2019-10-08T09:42:04.836Z - success: protocol thumbnail registerred
2019-10-08T09:42:04.836Z - success: protocol unpack registerred
2019-10-08T09:42:04.836Z - success: protocol disable-commonjs registerred
2019-10-08T09:42:05.501Z - normal: connected!
2019-10-08T09:42:05.503Z - normal: Check project C:\Users\p1o1s1\Desktop\MaYa_Math
2019-10-08T09:42:05.505Z - normal: Initializing project C:\Users\p1o1s1\Desktop\MaYa_Math
2019-10-08T09:42:05.966Z - normal: Initializing Cocos2d
2019-10-08T09:42:06.952Z - normal: Initializing engine extends
2019-10-08T09:42:06.978Z - success: asset-db-debugger loaded
2019-10-08T09:42:06.979Z - success: baidu-adapter loaded
2019-10-08T09:42:06.980Z - success: color-picker loaded
2019-10-08T09:42:07.093Z - success: fb-audience-network loaded
2019-10-08T09:42:07.172Z - success: fb-live-stream loaded
2019-10-08T09:42:07.177Z - success: google-play-instant loaded
2019-10-08T09:42:07.184Z - success: huawei-runtime loaded
2019-10-08T09:42:07.507Z - success: cpk-publish loaded
2019-10-08T09:42:07.508Z - success: jsb-adapter loaded
2019-10-08T09:42:07.517Z - success: oppo-runtime loaded
2019-10-08T09:42:07.524Z - success: package-manager loaded
2019-10-08T09:42:07.683Z - success: qqplay-adapter loaded
2019-10-08T09:42:07.686Z - success: runtime-dev-tools loaded
2019-10-08T09:42:07.691Z - success: sdkbox loaded
2019-10-08T09:42:07.698Z - success: tester loaded
2019-10-08T09:42:07.700Z - success: ui-grid loaded
2019-10-08T09:42:07.703Z - success: ui-kit-preview-extra loaded
2019-10-08T09:42:07.705Z - success: ui-kit-preview loaded
2019-10-08T09:42:07.708Z - success: ui-kit loaded
2019-10-08T09:42:07.710Z - success: ui-tree loaded
2019-10-08T09:42:07.716Z - success: vivo-runtime loaded
2019-10-08T09:42:07.717Z - success: weapp-adapter loaded
2019-10-08T09:42:07.718Z - success: xiaomi-adapter loaded
2019-10-08T09:42:07.785Z - success: assets loaded
2019-10-08T09:42:07.788Z - success: builder loaded
2019-10-08T09:42:08.139Z - success: cocos-services loaded
2019-10-08T09:42:08.145Z - success: console loaded
2019-10-08T09:42:08.184Z - success: fb-instant-games loaded
2019-10-08T09:42:08.188Z - success: game-window loaded
2019-10-08T09:42:08.190Z - success: google-instant-games loaded
2019-10-08T09:42:08.195Z - success: hierarchy loaded
2019-10-08T09:42:08.198Z - success: inspector loaded
2019-10-08T09:42:08.199Z - success: keystore loaded
2019-10-08T09:42:08.204Z - success: node-library loaded
2019-10-08T09:42:08.205Z - success: package-asset loaded
2019-10-08T09:42:08.207Z - success: preferences loaded
2019-10-08T09:42:08.208Z - success: project-exporter loaded
2019-10-08T09:42:08.211Z - success: project-importer loaded
2019-10-08T09:42:08.214Z - success: project-settings loaded
2019-10-08T09:42:08.219Z - success: scene loaded
2019-10-08T09:42:08.220Z - success: simulator-debugger loaded
2019-10-08T09:42:08.222Z - success: sprite-editor loaded
2019-10-08T09:42:08.228Z - success: store loaded
2019-10-08T09:42:08.233Z - success: timeline loaded
2019-10-08T09:42:08.239Z - success: xiaomi-runtime loaded
2019-10-08T09:42:12.667Z - normal: Loading packages
2019-10-08T09:42:12.675Z - normal: Watching packages
2019-10-08T09:42:12.806Z - info: Cocos Services load base data!
2019-10-08T09:42:13.576Z - normal: Run Application
2019-10-08T09:56:56.928Z - info: æ’ä»¶è„šæœ¬åœ¨ç¼–è¾‘å™¨ä¸­åŠ è½½æ—¶ï¼Œåœ¨æœ€å¤–å±‚ç”¨ var å£°æ˜Žçš„å˜é‡å°†ä¸å†åšä¸ºå…¨å±€å˜é‡ã€‚å¦‚æžœä¸éœ€è¦åœ¨ç¼–è¾‘å™¨ä¸­åŠ è½½æ’ä»¶ï¼Œåˆ™ç›´æŽ¥å–æ¶ˆ"å…è®¸ç¼–è¾‘å™¨åŠ è½½"å³å¯ï¼Œå¦åˆ™è¯·æ”¹ç”¨ "window.xx = yy;" æ¥å®šä¹‰å…¨å±€å˜é‡ã€‚ ðŸ˜‚
æ’ä»¶è„šæœ¬ï¼š"C:\Users\p1o1s1\Desktop\MaYa_Math\assets\Script\Alert.js"
æ‰€åœ¨è¡Œï¼š"var Alert = {"
2019-10-08T10:00:18.023Z - failed: [db-task][sync-changes] Failed to import asset C:\Users\p1o1s1\Desktop\MaYa_Math\assets\Script\menuscript.js, message: Compile error: SyntaxError: C:/Users/p1o1s1/Desktop/MaYa_Math/assets/Script/menuscript.js: Unexpected token, expected , (47:0)
  45 | 		}
  46 |      }
> 47 | });
     | ^
  48 | 
    at Parser.pp$5.raise (D:\CocosCreator\resources\app.asar\node_modules\babylon\lib\index.js:4454:13)
    at Parser.pp.unexpected (D:\CocosCreator\resources\app.asar\node_modules\babylon\lib\index.js:1761:8)
    at Parser.pp.expect (D:\CocosCreator\resources\app.asar\node_modules\babylon\lib\index.js:1749:33)
    at Parser.pp$3.parseCallExpressionArguments (D:\CocosCreator\resources\app.asar\node_modules\babylon\lib\index.js:3564:12)
    at Parser.pp$3.parseSubscripts (D:\CocosCreator\resources\app.asar\node_modules\babylon\lib\index.js:3533:31)
    at Parser.pp$3.parseExprSubscripts (D:\CocosCreator\resources\app.asar\node_modules\babylon\lib\index.js:3504:15)
    at Parser.pp$3.parseMaybeUnary (D:\CocosCreator\resources\app.asar\node_modules\babylon\lib\index.js:3474:19)
    at Parser.pp$3.parseExprOps (D:\CocosCreator\resources\app.asar\node_modules\babylon\lib\index.js:3404:19)
    at Parser.pp$3.parseMaybeConditional (D:\CocosCreator\resources\app.asar\node_modules\babylon\lib\index.js:3381:19)
    at Parser.pp$3.parseMaybeAssign (D:\CocosCreator\resources\app.asar\node_modules\babylon\lib\index.js:3344:19)
2019-10-08T10:03:27.654Z - failed: [db-task][sync-changes] Failed to import asset C:\Users\p1o1s1\Desktop\MaYa_Math\assets\Script\menuscript.js, message: Compile error: SyntaxError: C:/Users/p1o1s1/Desktop/MaYa_Math/assets/Script/menuscript.js: Unexpected token (44:2)
  42 | 		if(this.errorlist.length != 0){
  43 | 			cc.director.loadScene("error_list");
> 44 | 		else
     | 		^
  45 | 			Alert.show("æ†¨æ‰¹å¼ äºšå“²", null, false);
  46 | 		}
  47 |      
    at Parser.pp$5.raise (D:\CocosCreator\resources\app.asar\node_modules\babylon\lib\index.js:4454:13)
    at Parser.pp.unexpected (D:\CocosCreator\resources\app.asar\node_modules\babylon\lib\index.js:1761:8)
    at Parser.pp$3.parseExprAtom (D:\CocosCreator\resources\app.asar\node_modules\babylon\lib\index.js:3750:12)
    at Parser.pp$3.parseExprSubscripts (D:\CocosCreator\resources\app.asar\node_modules\babylon\lib\index.js:3494:19)
    at Parser.pp$3.parseMaybeUnary (D:\CocosCreator\resources\app.asar\node_modules\babylon\lib\index.js:3474:19)
    at Parser.pp$3.parseExprOps (D:\CocosCreator\resources\app.asar\node_modules\babylon\lib\index.js:3404:19)
    at Parser.pp$3.parseMaybeConditional (D:\CocosCreator\resources\app.asar\node_modules\babylon\lib\index.js:3381:19)
    at Parser.pp$3.parseMaybeAssign (D:\CocosCreator\resources\app.asar\node_modules\babylon\lib\index.js:3344:19)
    at Parser.pp$3.parseExpression (D:\CocosCreator\resources\app.asar\node_modules\babylon\lib\index.js:3306:19)
    at Parser.pp$1.parseStatement (D:\CocosCreator\resources\app.asar\node_modules\babylon\lib\index.js:1906:19)
2019-10-08T10:05:27.095Z - failed: [db-task][sync-changes] Failed to import asset C:\Users\p1o1s1\Desktop\MaYa_Math\assets\Script\menuscript.js, message: Compile error: SyntaxError: C:/Users/p1o1s1/Desktop/MaYa_Math/assets/Script/menuscript.js: Unexpected token (44:2)
  42 | 		
  43 | 			cc.director.loadScene("error_list");
> 44 | 		else
     | 		^
  45 | 			Alert.show("æ†¨æ‰¹å¼ äºšå“²", null, false);
  46 | 		}
  47 |      
    at Parser.pp$5.raise (D:\CocosCreator\resources\app.asar\node_modules\babylon\lib\index.js:4454:13)
    at Parser.pp.unexpected (D:\CocosCreator\resources\app.asar\node_modules\babylon\lib\index.js:1761:8)
    at Parser.pp$3.parseExprAtom (D:\CocosCreator\resources\app.asar\node_modules\babylon\lib\index.js:3750:12)
    at Parser.pp$3.parseExprSubscripts (D:\CocosCreator\resources\app.asar\node_modules\babylon\lib\index.js:3494:19)
    at Parser.pp$3.parseMaybeUnary (D:\CocosCreator\resources\app.asar\node_modules\babylon\lib\index.js:3474:19)
    at Parser.pp$3.parseExprOps (D:\CocosCreator\resources\app.asar\node_modules\babylon\lib\index.js:3404:19)
    at Parser.pp$3.parseMaybeConditional (D:\CocosCreator\resources\app.asar\node_modules\babylon\lib\index.js:3381:19)
    at Parser.pp$3.parseMaybeAssign (D:\CocosCreator\resources\app.asar\node_modules\babylon\lib\index.js:3344:19)
    at Parser.pp$3.parseExpression (D:\CocosCreator\resources\app.asar\node_modules\babylon\lib\index.js:3306:19)
    at Parser.pp$1.parseStatement (D:\CocosCreator\resources\app.asar\node_modules\babylon\lib\index.js:1906:19)
2019-10-08T10:08:44.042Z - failed: [db-task][sync-changes] Failed to import asset C:\Users\p1o1s1\Desktop\MaYa_Math\assets\Script\menuscript.js, message: Compile error: SyntaxError: C:/Users/p1o1s1/Desktop/MaYa_Math/assets/Script/menuscript.js: Unexpected token, expected , (49:1)
  47 | 		
  48 |      
> 49 | });
     |  ^
  50 | 
    at Parser.pp$5.raise (D:\CocosCreator\resources\app.asar\node_modules\babylon\lib\index.js:4454:13)
    at Parser.pp.unexpected (D:\CocosCreator\resources\app.asar\node_modules\babylon\lib\index.js:1761:8)
    at Parser.pp.expect (D:\CocosCreator\resources\app.asar\node_modules\babylon\lib\index.js:1749:33)
    at Parser.pp$3.parseObj (D:\CocosCreator\resources\app.asar\node_modules\babylon\lib\index.js:3978:12)
    at Parser.pp$3.parseExprAtom (D:\CocosCreator\resources\app.asar\node_modules\babylon\lib\index.js:3719:19)
    at Parser.pp$3.parseExprSubscripts (D:\CocosCreator\resources\app.asar\node_modules\babylon\lib\index.js:3494:19)
    at Parser.pp$3.parseMaybeUnary (D:\CocosCreator\resources\app.asar\node_modules\babylon\lib\index.js:3474:19)
    at Parser.pp$3.parseExprOps (D:\CocosCreator\resources\app.asar\node_modules\babylon\lib\index.js:3404:19)
    at Parser.pp$3.parseMaybeConditional (D:\CocosCreator\resources\app.asar\node_modules\babylon\lib\index.js:3381:19)
    at Parser.pp$3.parseMaybeAssign (D:\CocosCreator\resources\app.asar\node_modules\babylon\lib\index.js:3344:19)
2019-10-08T10:13:43.241Z - info: shutdown preview server
